# JRE version: Java(TM) SE Runtime Environment (17.0.8+9) (build 17.0.8+9-LTS-211)
# Java VM: Java HotSpot(TM) 64-Bit Server VM (17.0.8+9-LTS-211, mixed mode, sharing, tiered, compressed oops, compressed class ptrs, g1 gc, windows-amd64)
GC Precious Log:
 CPUs: 12 total, 12 available
 Memory: 15724M
 Large Page Support: Disabled
 NUMA Support: Disabled
 Compressed Oops: Enabled (Zero based)
 Heap Region Size: 2M
 Heap Min Capacity: 8M
 Heap Initial Capacity: 246M
 Heap Max Capacity: 3932M
 Pre-touch: Disabled
 Parallel Workers: 10
 Concurrent Workers: 3
 Concurrent Refinement Workers: 10
 Periodic GC: Disabled
Heap:
 garbage-first heap   total 151552K, used 33023K [0x000000070a400000, 0x0000000800000000)
  region size 2048K, 11 young (22528K), 1 survivors (2048K)
 Metaspace       used 31066K, committed 31488K, reserved 1114112K
  class space    used 3767K, committed 3968K, reserved 1048576K
GC Heap History (12 events):
Event: 0.349 GC heap before
{Heap before GC invocations=0 (full 0):
 garbage-first heap   total 251904K, used 22528K [0x000000070a400000, 0x0000000800000000)
  region size 2048K, 11 young (22528K), 0 survivors (0K)
 Metaspace       used 5421K, committed 5568K, reserved 1114112K
  class space    used 638K, committed 704K, reserved 1048576K
}
Event: 0.351 GC heap after
{Heap after GC invocations=1 (full 0):
 garbage-first heap   total 251904K, used 4384K [0x000000070a400000, 0x0000000800000000)
  region size 2048K, 2 young (4096K), 2 survivors (4096K)
 Metaspace       used 5421K, committed 5568K, reserved 1114112K
  class space    used 638K, committed 704K, reserved 1048576K
}
Event: 0.568 GC heap before
{Heap before GC invocations=1 (full 0):
 garbage-first heap   total 251904K, used 31008K [0x000000070a400000, 0x0000000800000000)
  region size 2048K, 16 young (32768K), 2 survivors (4096K)
 Metaspace       used 11335K, committed 11584K, reserved 1114112K
  class space    used 1374K, committed 1472K, reserved 1048576K
}
Event: 0.571 GC heap after
{Heap after GC invocations=2 (full 0):
 garbage-first heap   total 251904K, used 6681K [0x000000070a400000, 0x0000000800000000)
  region size 2048K, 2 young (4096K), 2 survivors (4096K)
 Metaspace       used 11335K, committed 11584K, reserved 1114112K
  class space    used 1374K, committed 1472K, reserved 1048576K
}
Event: 1.258 GC heap before
{Heap before GC invocations=2 (full 0):
 garbage-first heap   total 251904K, used 66073K [0x000000070a400000, 0x0000000800000000)
  region size 2048K, 32 young (65536K), 2 survivors (4096K)
 Metaspace       used 21198K, committed 21504K, reserved 1114112K
  class space    used 2693K, committed 2816K, reserved 1048576K
}
Event: 1.263 GC heap after
{Heap after GC invocations=3 (full 0):
 garbage-first heap   total 251904K, used 10252K [0x000000070a400000, 0x0000000800000000)
  region size 2048K, 3 young (6144K), 3 survivors (6144K)
 Metaspace       used 21198K, committed 21504K, reserved 1114112K
  class space    used 2693K, committed 2816K, reserved 1048576K
}
Event: 1.592 GC heap before
{Heap before GC invocations=4 (full 0):
 garbage-first heap   total 49152K, used 34828K [0x000000070a400000, 0x0000000800000000)
  region size 2048K, 15 young (30720K), 3 survivors (6144K)
 Metaspace       used 25512K, committed 25920K, reserved 1114112K
  class space    used 3212K, committed 3392K, reserved 1048576K
}
Event: 1.597 GC heap after
{Heap after GC invocations=5 (full 0):
 garbage-first heap   total 49152K, used 12962K [0x000000070a400000, 0x0000000800000000)
  region size 2048K, 2 young (4096K), 2 survivors (4096K)
 Metaspace       used 25512K, committed 25920K, reserved 1114112K
  class space    used 3212K, committed 3392K, reserved 1048576K
}
Event: 1.624 GC heap before
{Heap before GC invocations=5 (full 0):
 garbage-first heap   total 49152K, used 15010K [0x000000070a400000, 0x0000000800000000)
  region size 2048K, 3 young (6144K), 2 survivors (4096K)
 Metaspace       used 25818K, committed 26240K, reserved 1114112K
  class space    used 3251K, committed 3456K, reserved 1048576K
}
Event: 1.626 GC heap after
{Heap after GC invocations=6 (full 0):
 garbage-first heap   total 49152K, used 13652K [0x000000070a400000, 0x0000000800000000)
  region size 2048K, 1 young (2048K), 1 survivors (2048K)
 Metaspace       used 25818K, committed 26240K, reserved 1114112K
  class space    used 3251K, committed 3456K, reserved 1048576K
}
Event: 4.417 GC heap before
{Heap before GC invocations=6 (full 0):
 garbage-first heap   total 49152K, used 30036K [0x000000070a400000, 0x0000000800000000)
  region size 2048K, 10 young (20480K), 1 survivors (2048K)
 Metaspace       used 30106K, committed 30528K, reserved 1114112K
  class space    used 3650K, committed 3840K, reserved 1048576K
}
Event: 4.420 GC heap after
{Heap after GC invocations=7 (full 0):
 garbage-first heap   total 151552K, used 14591K [0x000000070a400000, 0x0000000800000000)
  region size 2048K, 1 young (2048K), 1 survivors (2048K)
 Metaspace       used 30106K, committed 30528K, reserved 1114112K
  class space    used 3650K, committed 3840K, reserved 1048576K
}

