# JRE version: Java(TM) SE Runtime Environment (17.0.8+9) (build 17.0.8+9-LTS-211)
# Java VM: Java HotSpot(TM) 64-Bit Server VM (17.0.8+9-LTS-211, mixed mode, sharing, tiered, compressed oops, compressed class ptrs, g1 gc, windows-amd64)
GC Precious Log:
 CPUs: 12 total, 12 available
 Memory: 15724M
 Large Page Support: Disabled
 NUMA Support: Disabled
 Compressed Oops: Enabled (Zero based)
 Heap Region Size: 2M
 Heap Min Capacity: 8M
 Heap Initial Capacity: 246M
 Heap Max Capacity: 3932M
 Pre-touch: Disabled
 Parallel Workers: 10
 Concurrent Workers: 3
 Concurrent Refinement Workers: 10
 Periodic GC: Disabled
Heap:
 garbage-first heap   total 151552K, used 30638K [0x000000070a400000, 0x0000000800000000)
  region size 2048K, 10 young (20480K), 1 survivors (2048K)
 Metaspace       used 31044K, committed 31488K, reserved 1114112K
  class space    used 3767K, committed 3968K, reserved 1048576K
GC Heap History (12 events):
Event: 0.320 GC heap before
{Heap before GC invocations=0 (full 0):
 garbage-first heap   total 251904K, used 22528K [0x000000070a400000, 0x0000000800000000)
  region size 2048K, 11 young (22528K), 0 survivors (0K)
 Metaspace       used 5400K, committed 5568K, reserved 1114112K
  class space    used 635K, committed 704K, reserved 1048576K
}
Event: 0.322 GC heap after
{Heap after GC invocations=1 (full 0):
 garbage-first heap   total 251904K, used 4224K [0x000000070a400000, 0x0000000800000000)
  region size 2048K, 2 young (4096K), 2 survivors (4096K)
 Metaspace       used 5400K, committed 5568K, reserved 1114112K
  class space    used 635K, committed 704K, reserved 1048576K
}
Event: 0.511 GC heap before
{Heap before GC invocations=1 (full 0):
 garbage-first heap   total 251904K, used 32896K [0x000000070a400000, 0x0000000800000000)
  region size 2048K, 16 young (32768K), 2 survivors (4096K)
 Metaspace       used 11289K, committed 11520K, reserved 1114112K
  class space    used 1366K, committed 1472K, reserved 1048576K
}
Event: 0.514 GC heap after
{Heap after GC invocations=2 (full 0):
 garbage-first heap   total 251904K, used 6535K [0x000000070a400000, 0x0000000800000000)
  region size 2048K, 2 young (4096K), 2 survivors (4096K)
 Metaspace       used 11289K, committed 11520K, reserved 1114112K
  class space    used 1366K, committed 1472K, reserved 1048576K
}
Event: 1.075 GC heap before
{Heap before GC invocations=2 (full 0):
 garbage-first heap   total 251904K, used 63879K [0x000000070a400000, 0x0000000800000000)
  region size 2048K, 31 young (63488K), 2 survivors (4096K)
 Metaspace       used 21192K, committed 21504K, reserved 1114112K
  class space    used 2694K, committed 2816K, reserved 1048576K
}
Event: 1.080 GC heap after
{Heap after GC invocations=3 (full 0):
 garbage-first heap   total 251904K, used 10117K [0x000000070a400000, 0x0000000800000000)
  region size 2048K, 3 young (6144K), 3 survivors (6144K)
 Metaspace       used 21192K, committed 21504K, reserved 1114112K
  class space    used 2694K, committed 2816K, reserved 1048576K
}
Event: 1.371 GC heap before
{Heap before GC invocations=4 (full 0):
 garbage-first heap   total 49152K, used 34693K [0x000000070a400000, 0x0000000800000000)
  region size 2048K, 16 young (32768K), 3 survivors (6144K)
 Metaspace       used 25808K, committed 26240K, reserved 1114112K
  class space    used 3252K, committed 3456K, reserved 1048576K
}
Event: 1.374 GC heap after
{Heap after GC invocations=5 (full 0):
 garbage-first heap   total 49152K, used 13084K [0x000000070a400000, 0x0000000800000000)
  region size 2048K, 5 young (10240K), 5 survivors (10240K)
 Metaspace       used 25808K, committed 26240K, reserved 1114112K
  class space    used 3252K, committed 3456K, reserved 1048576K
}
Event: 1.397 GC heap before
{Heap before GC invocations=5 (full 0):
 garbage-first heap   total 49152K, used 15132K [0x000000070a400000, 0x0000000800000000)
  region size 2048K, 6 young (12288K), 5 survivors (10240K)
 Metaspace       used 26154K, committed 26624K, reserved 1114112K
  class space    used 3301K, committed 3520K, reserved 1048576K
}
Event: 1.400 GC heap after
{Heap after GC invocations=6 (full 0):
 garbage-first heap   total 49152K, used 14164K [0x000000070a400000, 0x0000000800000000)
  region size 2048K, 1 young (2048K), 1 survivors (2048K)
 Metaspace       used 26154K, committed 26624K, reserved 1114112K
  class space    used 3301K, committed 3520K, reserved 1048576K
}
Event: 5.332 GC heap before
{Heap before GC invocations=6 (full 0):
 garbage-first heap   total 49152K, used 30548K [0x000000070a400000, 0x0000000800000000)
  region size 2048K, 10 young (20480K), 1 survivors (2048K)
 Metaspace       used 30114K, committed 30528K, reserved 1114112K
  class space    used 3650K, committed 3840K, reserved 1048576K
}
Event: 5.335 GC heap after
{Heap after GC invocations=7 (full 0):
 garbage-first heap   total 151552K, used 14254K [0x000000070a400000, 0x0000000800000000)
  region size 2048K, 1 young (2048K), 1 survivors (2048K)
 Metaspace       used 30114K, committed 30528K, reserved 1114112K
  class space    used 3650K, committed 3840K, reserved 1048576K
}

