# JRE version: Java(TM) SE Runtime Environment (17.0.8+9) (build 17.0.8+9-LTS-211)
# Java VM: Java HotSpot(TM) 64-Bit Server VM (17.0.8+9-LTS-211, mixed mode, sharing, tiered, compressed oops, compressed class ptrs, g1 gc, windows-amd64)
GC Precious Log:
 CPUs: 12 total, 12 available
 Memory: 15724M
 Large Page Support: Disabled
 NUMA Support: Disabled
 Compressed Oops: Enabled (Zero based)
 Heap Region Size: 2M
 Heap Min Capacity: 8M
 Heap Initial Capacity: 246M
 Heap Max Capacity: 3932M
 Pre-touch: Disabled
 Parallel Workers: 10
 Concurrent Workers: 3
 Concurrent Refinement Workers: 10
 Periodic GC: Disabled
Heap:
 garbage-first heap   total 151552K, used 36689K [0x000000070a400000, 0x0000000800000000)
  region size 2048K, 13 young (26624K), 1 survivors (2048K)
 Metaspace       used 31076K, committed 31488K, reserved 1114112K
  class space    used 3769K, committed 3968K, reserved 1048576K
GC Heap History (12 events):
Event: 0.324 GC heap before
{Heap before GC invocations=0 (full 0):
 garbage-first heap   total 251904K, used 22528K [0x000000070a400000, 0x0000000800000000)
  region size 2048K, 11 young (22528K), 0 survivors (0K)
 Metaspace       used 5388K, committed 5568K, reserved 1114112K
  class space    used 634K, committed 704K, reserved 1048576K
}
Event: 0.326 GC heap after
{Heap after GC invocations=1 (full 0):
 garbage-first heap   total 251904K, used 4244K [0x000000070a400000, 0x0000000800000000)
  region size 2048K, 2 young (4096K), 2 survivors (4096K)
 Metaspace       used 5388K, committed 5568K, reserved 1114112K
  class space    used 634K, committed 704K, reserved 1048576K
}
Event: 0.527 GC heap before
{Heap before GC invocations=1 (full 0):
 garbage-first heap   total 251904K, used 32916K [0x000000070a400000, 0x0000000800000000)
  region size 2048K, 17 young (34816K), 2 survivors (4096K)
 Metaspace       used 11713K, committed 11904K, reserved 1114112K
  class space    used 1437K, committed 1536K, reserved 1048576K
}
Event: 0.530 GC heap after
{Heap after GC invocations=2 (full 0):
 garbage-first heap   total 251904K, used 6430K [0x000000070a400000, 0x0000000800000000)
  region size 2048K, 2 young (4096K), 2 survivors (4096K)
 Metaspace       used 11713K, committed 11904K, reserved 1114112K
  class space    used 1437K, committed 1536K, reserved 1048576K
}
Event: 1.094 GC heap before
{Heap before GC invocations=2 (full 0):
 garbage-first heap   total 251904K, used 61726K [0x000000070a400000, 0x0000000800000000)
  region size 2048K, 30 young (61440K), 2 survivors (4096K)
 Metaspace       used 21197K, committed 21504K, reserved 1114112K
  class space    used 2692K, committed 2816K, reserved 1048576K
}
Event: 1.097 GC heap after
{Heap after GC invocations=3 (full 0):
 garbage-first heap   total 251904K, used 10139K [0x000000070a400000, 0x0000000800000000)
  region size 2048K, 3 young (6144K), 3 survivors (6144K)
 Metaspace       used 21197K, committed 21504K, reserved 1114112K
  class space    used 2692K, committed 2816K, reserved 1048576K
}
Event: 1.378 GC heap before
{Heap before GC invocations=4 (full 0):
 garbage-first heap   total 49152K, used 34715K [0x000000070a400000, 0x0000000800000000)
  region size 2048K, 16 young (32768K), 3 survivors (6144K)
 Metaspace       used 25586K, committed 26048K, reserved 1114112K
  class space    used 3227K, committed 3456K, reserved 1048576K
}
Event: 1.382 GC heap after
{Heap after GC invocations=5 (full 0):
 garbage-first heap   total 49152K, used 12954K [0x000000070a400000, 0x0000000800000000)
  region size 2048K, 5 young (10240K), 5 survivors (10240K)
 Metaspace       used 25586K, committed 26048K, reserved 1114112K
  class space    used 3227K, committed 3456K, reserved 1048576K
}
Event: 1.405 GC heap before
{Heap before GC invocations=5 (full 0):
 garbage-first heap   total 49152K, used 15002K [0x000000070a400000, 0x0000000800000000)
  region size 2048K, 6 young (12288K), 5 survivors (10240K)
 Metaspace       used 25983K, committed 26368K, reserved 1114112K
  class space    used 3276K, committed 3456K, reserved 1048576K
}
Event: 1.408 GC heap after
{Heap after GC invocations=6 (full 0):
 garbage-first heap   total 49152K, used 14033K [0x000000070a400000, 0x0000000800000000)
  region size 2048K, 1 young (2048K), 1 survivors (2048K)
 Metaspace       used 25983K, committed 26368K, reserved 1114112K
  class space    used 3276K, committed 3456K, reserved 1048576K
}
Event: 5.164 GC heap before
{Heap before GC invocations=6 (full 0):
 garbage-first heap   total 49152K, used 30417K [0x000000070a400000, 0x0000000800000000)
  region size 2048K, 10 young (20480K), 1 survivors (2048K)
 Metaspace       used 30115K, committed 30528K, reserved 1114112K
  class space    used 3652K, committed 3840K, reserved 1048576K
}
Event: 5.167 GC heap after
{Heap after GC invocations=7 (full 0):
 garbage-first heap   total 151552K, used 14161K [0x000000070a400000, 0x0000000800000000)
  region size 2048K, 1 young (2048K), 1 survivors (2048K)
 Metaspace       used 30115K, committed 30528K, reserved 1114112K
  class space    used 3652K, committed 3840K, reserved 1048576K
}

